<?xml version="1.0" encoding="UTF-8"?><testsuite errors="1" failures="0" name="Academy Choucair" skipped="0" tests="1" time="25.65" timestamp="2021-06-22 10:57:32"><testcase name="Search for a automation course"><error message="Superclass has no null constructors but no arguments were given" type="java.lang.IllegalArgumentException">Superclass has no null constructors but no arguments were given</error><system-err>Superclass has no null constructors but no arguments were given&#13;
co.com.choucair.certification.proyectobase.tasks.Search.the(Search.java:19)&#13;
co.com.choucair.certification.proyectobase.stepdefinition.ChoucairAcademyStepDefinitions.heWillFind(ChoucairAcademyStepDefinitions.java:38)&#13;
✽.He will find(src/test/resources/features/academyChoucair.feature:11)&#13;
</system-err></testcase></testsuite>